
> autorespond-frontend@1.0.0 dev
> vite


  VITE v5.4.21  ready in 322 ms

  ➜  Local:   http://localhost:5173/
  ➜  Network: http://172.17.20.169:5173/
4:34:06 PM [vite] http proxy error: /api/auth/login
Error: getaddrinfo EAI_AGAIN backend
    at GetAddrInfoReqWrap.onlookupall [as oncomplete] (node:dns:120:26)
4:34:07 PM [vite] http proxy error: /api/auth/login
Error: getaddrinfo EAI_AGAIN backend
    at GetAddrInfoReqWrap.onlookupall [as oncomplete] (node:dns:120:26)
4:34:07 PM [vite] http proxy error: /api/auth/login
Error: getaddrinfo EAI_AGAIN backend
    at GetAddrInfoReqWrap.onlookupall [as oncomplete] (node:dns:120:26)
4:34:23 PM [vite] http proxy error: /api/auth/login
Error: getaddrinfo EAI_AGAIN backend
    at GetAddrInfoReqWrap.onlookupall [as oncomplete] (node:dns:120:26)
4:34:35 PM [vite] http proxy error: /api/auth/register
Error: getaddrinfo EAI_AGAIN backend
    at GetAddrInfoReqWrap.onlookupall [as oncomplete] (node:dns:120:26)
4:34:40 PM [vite] http proxy error: /api/auth/register
Error: getaddrinfo EAI_AGAIN backend
    at GetAddrInfoReqWrap.onlookupall [as oncomplete] (node:dns:120:26)
